<?xml version="1.0" encoding="UTF-8"?>
<!-- Generated by org.testng.reporters.JUnitXMLReporter -->
<testsuite hostname="jackie-PC" ignored="0" name="Test" tests="14" failures="1" timestamp="02 八月 2017 01:44:34 GMT" time="0.098" errors="0">
  <testcase name="f" time="0.006" classname="TankLearn2.Learn.NewTest"/>
  <testcase name="f" time="0.003" classname="TankLearn2.Learn.NewTest"/>
  <testcase name="verifyUser" time="0.003" classname="TankLearn2.Learn.DataProviderLearn"/>
  <testcase name="verifyUser" time="0.002" classname="TankLearn2.Learn.DataProviderLearn"/>
  <testcase name="verifyUser" time="0.002" classname="TankLearn2.Learn.DataProviderLearn"/>
  <testcase name="testMessage" time="0.001" classname="TankLearn2.Learn.DependsTest"/>
  <testcase name="setupEnv" time="0.001" classname="TankLearn2.Learn.DependsTest"/>
  <testcase name="testLogin" time="0.002" classname="TankLearn2.Learn.GroupTest"/>
  <testcase name="testOpenPage" time="0.001" classname="TankLearn2.Learn.GroupTest"/>
  <testcase name="ParaTest" time="0.0" classname="TankLearn2.Learn.ParameterizedTest1">
    <failure type="org.testng.TestNGException" message="
Parameter &amp;apos;test1&amp;apos; is required by @Test on method ParaTest but has not been marked @Optional or defined
in C:\Users\jackie\git\GIT\src\testng.xml">
      <![CDATA[org.testng.TestNGException: 
Parameter 'test1' is required by @Test on method ParaTest but has not been marked @Optional or defined
in C:\Users\jackie\git\GIT\src\testng.xml
... Removed 23 stack frames]]>
    </failure>
  </testcase> <!-- ParaTest -->
  <testcase name="TestNgLearn" time="0.002" classname="TankLearn2.Learn.TestNGLearn1"/>
  <testcase name="TestNgLearn1" time="0.001" classname="TankLearn2.Learn.TestNGLearn1"/>
  <testcase name="TestNgLearn2" time="0.002" classname="TankLearn2.Learn.TestNGLearn1"/>
  <testcase name="testException" time="0.001" classname="TankLearn2.Learn.ExceptionTest"/>
</testsuite> <!-- Test -->
